<?xml version="1.0" encoding="UTF-8"?>
<testng-results ignored="0" total="1" passed="1" failed="0" skipped="0">
  <reporter-output>
  </reporter-output>
  <suite started-at="2024-01-08T11:07:25 IST" name="Default suite" finished-at="2024-01-08T11:07:33 IST" duration-ms="8359">
    <groups>
    </groups>
    <test started-at="2024-01-08T11:07:25 IST" name="Default test" finished-at="2024-01-08T11:07:33 IST" duration-ms="8359">
      <class name="Tests.FirstTest">
        <test-method is-config="true" signature="launchBrowser()[pri:0, instance:Tests.FirstTest@4550bb58]" started-at="2024-01-08T11:07:25 IST" name="launchBrowser" finished-at="2024-01-08T11:07:30 IST" duration-ms="5188" status="PASS">
          <reporter-output>
          </reporter-output>
        </test-method> <!-- launchBrowser -->
        <test-method signature="PrcheshProduct()[pri:0, instance:Tests.FirstTest@4550bb58]" started-at="2024-01-08T11:07:30 IST" name="PrcheshProduct" finished-at="2024-01-08T11:07:33 IST" duration-ms="2503" status="PASS">
          <reporter-output>
          </reporter-output>
        </test-method> <!-- PrcheshProduct -->
        <test-method is-config="true" signature="tearDown()[pri:0, instance:Tests.FirstTest@4550bb58]" started-at="2024-01-08T11:07:33 IST" name="tearDown" finished-at="2024-01-08T11:07:33 IST" duration-ms="479" status="PASS">
          <reporter-output>
          </reporter-output>
        </test-method> <!-- tearDown -->
      </class> <!-- Tests.FirstTest -->
    </test> <!-- Default test -->
  </suite> <!-- Default suite -->
</testng-results>
